In file included from [01m[K/opt/ros/kinetic/include/ros/ros.h:40:0[m[K,
                 from [01m[K/home/dtrimoul/PR2-Kinetic-Xenial/src/actioncontroller/src/ActionController.cpp:2[m[K:
[01m[K/home/dtrimoul/PR2-Kinetic-Xenial/src/actioncontroller/src/ActionController.cpp:[m[K In member function â€˜[01m[Kbool ActionController::move_head(std_msgs::String)[m[Kâ€™:
[01m[K/home/dtrimoul/PR2-Kinetic-Xenial/src/actioncontroller/src/ActionController.cpp:77:21:[m[K [01;31m[Kerror: [m[Kâ€˜[01m[Kpose[m[Kâ€™ was not declared in this scope
     (std::to_string(pose.position.x)).c_str(), 
[01;32m[K                     ^[m[K
[01m[K/opt/ros/kinetic/include/ros/console.h:346:165:[m[K [01;36m[Knote: [m[Kin definition of macro â€˜[01m[KROSCONSOLE_PRINT_AT_LOCATION_WITH_FILTER[m[Kâ€™
     ::ros::console::print(filter, __rosconsole_define_location__loc.logger_, __rosconsole_define_location__loc.level_, __FILE__, __LINE__, __ROSCONSOLE_FUNCTION__, __VA_ARGS__)
[01;32m[K                                                                                                                                                                     ^[m[K
[01m[K/opt/ros/kinetic/include/ros/console.h:379:7:[m[K [01;36m[Knote: [m[Kin expansion of macro â€˜[01m[KROSCONSOLE_PRINT_AT_LOCATION[m[Kâ€™
       ROSCONSOLE_PRINT_AT_LOCATION(__VA_ARGS__); \
[01;32m[K       ^[m[K
[01m[K/opt/ros/kinetic/include/ros/console.h:561:35:[m[K [01;36m[Knote: [m[Kin expansion of macro â€˜[01m[KROS_LOG_COND[m[Kâ€™
 #define ROS_LOG(level, name, ...) ROS_LOG_COND(true, level, name, __VA_ARGS__)
[01;32m[K                                   ^[m[K
[01m[K/opt/ros/kinetic/include/rosconsole/macros_generated.h:110:23:[m[K [01;36m[Knote: [m[Kin expansion of macro â€˜[01m[KROS_LOG[m[Kâ€™
 #define ROS_INFO(...) ROS_LOG(::ros::console::levels::Info, ROSCONSOLE_DEFAULT_NAME, __VA_ARGS__)
[01;32m[K                       ^[m[K
[01m[K/home/dtrimoul/PR2-Kinetic-Xenial/src/actioncontroller/src/ActionController.cpp:76:3:[m[K [01;36m[Knote: [m[Kin expansion of macro â€˜[01m[KROS_INFO[m[Kâ€™
   ROS_INFO("moving the head to %s, %s, %s",  
[01;32m[K   ^[m[K
[01m[K/home/dtrimoul/PR2-Kinetic-Xenial/src/actioncontroller/src/ActionController.cpp:84:24:[m[K [01;31m[Kerror: [m[Kâ€˜[01m[Kpose[m[Kâ€™ was not declared in this scope
   msg.target.point.x = pose.position.x;
[01;32m[K                        ^[m[K
In file included from [01m[K/opt/ros/kinetic/include/ros/ros.h:40:0[m[K,
                 from [01m[K/home/dtrimoul/PR2-Kinetic-Xenial/src/actioncontroller/src/ActionController.cpp:2[m[K:
[01m[K/home/dtrimoul/PR2-Kinetic-Xenial/src/actioncontroller/src/ActionController.cpp:[m[K In member function â€˜[01m[Kbool ActionController::pick(std::__cxx11::string, std::__cxx11::string)[m[Kâ€™:
[01m[K/opt/ros/kinetic/include/ros/console.h:346:176:[m[K [01;35m[Kwarning: [m[Kformat not a string literal and no format arguments [-Wformat-security]
     ::ros::console::print(filter, __rosconsole_define_location__loc.logger_, __rosconsole_define_location__loc.level_, __FILE__, __LINE__, __ROSCONSOLE_FUNCTION__, __VA_ARGS__)
[01;32m[K                                                                                                                                                                                ^[m[K
[01m[K/opt/ros/kinetic/include/ros/console.h:349:5:[m[K [01;36m[Knote: [m[Kin expansion of macro â€˜[01m[KROSCONSOLE_PRINT_AT_LOCATION_WITH_FILTER[m[Kâ€™
     ROSCONSOLE_PRINT_AT_LOCATION_WITH_FILTER(0, __VA_ARGS__)
[01;32m[K     ^[m[K
[01m[K/opt/ros/kinetic/include/ros/console.h:379:7:[m[K [01;36m[Knote: [m[Kin expansion of macro â€˜[01m[KROSCONSOLE_PRINT_AT_LOCATION[m[Kâ€™
       ROSCONSOLE_PRINT_AT_LOCATION(__VA_ARGS__); \
[01;32m[K       ^[m[K
[01m[K/opt/ros/kinetic/include/ros/console.h:561:35:[m[K [01;36m[Knote: [m[Kin expansion of macro â€˜[01m[KROS_LOG_COND[m[Kâ€™
 #define ROS_LOG(level, name, ...) ROS_LOG_COND(true, level, name, __VA_ARGS__)
[01;32m[K                                   ^[m[K
[01m[K/opt/ros/kinetic/include/rosconsole/macros_generated.h:110:23:[m[K [01;36m[Knote: [m[Kin expansion of macro â€˜[01m[KROS_LOG[m[Kâ€™
 #define ROS_INFO(...) ROS_LOG(::ros::console::levels::Info, ROSCONSOLE_DEFAULT_NAME, __VA_ARGS__)
[01;32m[K                       ^[m[K
[01m[K/home/dtrimoul/PR2-Kinetic-Xenial/src/actioncontroller/src/ActionController.cpp:110:3:[m[K [01;36m[Knote: [m[Kin expansion of macro â€˜[01m[KROS_INFO[m[Kâ€™
   ROS_INFO(group.c_str());
[01;32m[K   ^[m[K
[01m[K/home/dtrimoul/PR2-Kinetic-Xenial/src/actioncontroller/src/ActionController.cpp:[m[K In member function â€˜[01m[Kvoid ActionController::executeCB(const ActionControllerGoalConstPtr&)[m[Kâ€™:
[01m[K/home/dtrimoul/PR2-Kinetic-Xenial/src/actioncontroller/src/ActionController.cpp:149:40:[m[K [01;31m[Kerror: [m[Kâ€˜[01m[Kconst struct actioncontroller::ActionControllerGoal_<std::allocator<void> >[m[Kâ€™ has no member named â€˜[01m[Kpose[m[Kâ€™
    feedback_.success = move_head( msg->pose );
[01;32m[K                                        ^[m[K
[01m[K/home/dtrimoul/PR2-Kinetic-Xenial/src/actioncontroller/src/ActionController.cpp:151:49:[m[K [01;31m[Kerror: [m[Kâ€˜[01m[Kconst struct actioncontroller::ActionControllerGoal_<std::allocator<void> >[m[Kâ€™ has no member named â€˜[01m[Kobject[m[Kâ€™
             feedback_.success = move_head( msg->object );
[01;32m[K                                                 ^[m[K
[01m[K/home/dtrimoul/PR2-Kinetic-Xenial/src/actioncontroller/src/ActionController.cpp:157:49:[m[K [01;31m[Kerror: [m[Kâ€˜[01m[Kconst struct actioncontroller::ActionControllerGoal_<std::allocator<void> >[m[Kâ€™ has no member named â€˜[01m[Kpose[m[Kâ€™
             feedback_.success = move_base( msg->pose );
[01;32m[K                                                 ^[m[K
[01m[K/home/dtrimoul/PR2-Kinetic-Xenial/src/actioncontroller/src/ActionController.cpp:159:94:[m[K [01;31m[Kerror: [m[Kno matching function for call to â€˜[01m[KActionController::move_arms(std::__cxx11::string, std::__cxx11::string)[m[Kâ€™
    feedback_.success = move_arms((std::string)msg->goal.action, (std::string)msg->goal.object); 
[01;32m[K                                                                                              ^[m[K
[01m[K/home/dtrimoul/PR2-Kinetic-Xenial/src/actioncontroller/src/ActionController.cpp:26:7:[m[K [01;36m[Knote: [m[Kcandidate: bool ActionController::move_arms(std::__cxx11::string, geometry_msgs::Pose)
  bool move_arms(std::string group, geometry_msgs::Pose pose){
[01;32m[K       ^[m[K
[01m[K/home/dtrimoul/PR2-Kinetic-Xenial/src/actioncontroller/src/ActionController.cpp:26:7:[m[K [01;36m[Knote: [m[K  no known conversion for argument 2 from â€˜[01m[Kstd::__cxx11::string {aka std::__cxx11::basic_string<char>}[m[Kâ€™ to â€˜[01m[Kgeometry_msgs::Pose {aka geometry_msgs::Pose_<std::allocator<void> >}[m[Kâ€™
[01m[K/home/dtrimoul/PR2-Kinetic-Xenial/src/actioncontroller/src/ActionController.cpp:[m[K In function â€˜[01m[Kvoid objects_update(const ConstPtr&)[m[Kâ€™:
[01m[K/home/dtrimoul/PR2-Kinetic-Xenial/src/actioncontroller/src/ActionController.cpp:167:5:[m[K [01;31m[Kerror: [m[Kâ€˜[01m[Kmutex[m[Kâ€™ is not a member of â€˜[01m[Kstd[m[Kâ€™
     std::mutex lock;
[01;32m[K     ^[m[K
[01m[K/home/dtrimoul/PR2-Kinetic-Xenial/src/actioncontroller/src/ActionController.cpp:167:5:[m[K [01;36m[Knote: [m[Ksuggested alternatives:
In file included from [01m[K/usr/include/boost/thread/mutex.hpp:16:0[m[K,
                 from [01m[K/usr/include/boost/thread/pthread/thread_data.hpp:13[m[K,
                 from [01m[K/usr/include/boost/thread/pthread/condition_variable.hpp:12[m[K,
                 from [01m[K/usr/include/boost/thread/condition_variable.hpp:16[m[K,
                 from [01m[K/usr/include/boost/thread/condition.hpp:13[m[K,
                 from [01m[K/opt/ros/kinetic/include/actionlib/server/simple_action_server.h:40[m[K,
                 from [01m[K/home/dtrimoul/PR2-Kinetic-Xenial/src/actioncontroller/src/ActionController.cpp:3[m[K:
[01m[K/usr/include/boost/thread/pthread/mutex.hpp:92:11:[m[K [01;36m[Knote: [m[K  â€˜[01m[Kboost::mutex[m[Kâ€™
     class mutex
[01;32m[K           ^[m[K
In file included from [01m[K/usr/include/boost/signals2/mutex.hpp:30:0[m[K,
                 from [01m[K/usr/include/boost/signals2/signal.hpp:31[m[K,
                 from [01m[K/usr/include/boost/signals2.hpp:19[m[K,
                 from [01m[K/opt/ros/kinetic/include/tf/tf.h:45[m[K,
                 from [01m[K/opt/ros/kinetic/include/moveit/move_group_interface/move_group_interface.h:53[m[K,
                 from [01m[K/home/dtrimoul/PR2-Kinetic-Xenial/src/actioncontroller/src/ActionController.cpp:10[m[K:
[01m[K/usr/include/boost/signals2/detail/lwm_pthreads.hpp:30:7:[m[K [01;36m[Knote: [m[K  â€˜[01m[Kboost::signals2::mutex[m[Kâ€™
 class mutex
[01;32m[K       ^[m[K
[01m[K/home/dtrimoul/PR2-Kinetic-Xenial/src/actioncontroller/src/ActionController.cpp:169:9:[m[K [01;31m[Kerror: [m[Kâ€˜[01m[Klock[m[Kâ€™ was not declared in this scope
         lock.lock();
[01;32m[K         ^[m[K
[01m[K/home/dtrimoul/PR2-Kinetic-Xenial/src/actioncontroller/src/ActionController.cpp:169:9:[m[K [01;36m[Knote: [m[Ksuggested alternative:
In file included from [01m[K/usr/include/boost/thread/locks.hpp:10:0[m[K,
                 from [01m[K/usr/include/boost/thread.hpp:21[m[K,
                 from [01m[K/opt/ros/kinetic/include/actionlib/server/action_server.h:41[m[K,
                 from [01m[K/opt/ros/kinetic/include/actionlib/server/simple_action_server.h:42[m[K,
                 from [01m[K/home/dtrimoul/PR2-Kinetic-Xenial/src/actioncontroller/src/ActionController.cpp:3[m[K:
[01m[K/usr/include/boost/thread/lock_algorithms.hpp:253:8:[m[K [01;36m[Knote: [m[K  â€˜[01m[Kboost::lock[m[Kâ€™
   void lock(MutexType1& m1, MutexType2& m2, MutexType3& m3, MutexType4& m4, MutexType5& m5)
[01;32m[K        ^[m[K
[01m[K/home/dtrimoul/PR2-Kinetic-Xenial/src/actioncontroller/src/ActionController.cpp:170:12:[m[K [01;31m[Kerror: [m[Kâ€˜[01m[Kobjects[m[Kâ€™ was not declared in this scope
         if(objects.insert(msg->data[i].id), msg->data[i]){
[01;32m[K            ^[m[K
[01m[K/home/dtrimoul/PR2-Kinetic-Xenial/src/actioncontroller/src/ActionController.cpp:[m[K At global scope:
[01m[K/home/dtrimoul/PR2-Kinetic-Xenial/src/actioncontroller/src/ActionController.cpp:178:10:[m[K [01;31m[Kerror: [m[Kâ€˜[01m[Kstring[m[Kâ€™ was not declared in this scope
 std::map<string, moveit_msgs::CollisionObject> objects;
[01;32m[K          ^[m[K
[01m[K/home/dtrimoul/PR2-Kinetic-Xenial/src/actioncontroller/src/ActionController.cpp:178:10:[m[K [01;36m[Knote: [m[Ksuggested alternatives:
In file included from [01m[K/usr/include/c++/5/string:39:0[m[K,
                 from [01m[K/opt/ros/kinetic/include/ros/platform.h:55[m[K,
                 from [01m[K/opt/ros/kinetic/include/ros/time.h:53[m[K,
                 from [01m[K/opt/ros/kinetic/include/ros/ros.h:38[m[K,
                 from [01m[K/home/dtrimoul/PR2-Kinetic-Xenial/src/actioncontroller/src/ActionController.cpp:2[m[K:
[01m[K/usr/include/c++/5/bits/stringfwd.h:74:33:[m[K [01;36m[Knote: [m[K  â€˜[01m[Kstd::__cxx11::string[m[Kâ€™
   typedef basic_string<char>    string;   
[01;32m[K                                 ^[m[K
[01m[K/usr/include/c++/5/bits/stringfwd.h:74:33:[m[K [01;36m[Knote: [m[K  â€˜[01m[Kstd::__cxx11::string[m[Kâ€™
In file included from [01m[K/usr/include/boost/lexical_cast/detail/converter_lexical.hpp:51:0[m[K,
                 from [01m[K/usr/include/boost/lexical_cast/try_lexical_convert.hpp:34[m[K,
                 from [01m[K/usr/include/boost/lexical_cast.hpp:32[m[K,
                 from [01m[K/opt/ros/kinetic/include/ros/transport_hints.h:34[m[K,
                 from [01m[K/opt/ros/kinetic/include/ros/subscribe_options.h:33[m[K,
                 from [01m[K/opt/ros/kinetic/include/ros/node_handle.h:42[m[K,
                 from [01m[K/opt/ros/kinetic/include/ros/ros.h:45[m[K,
                 from [01m[K/home/dtrimoul/PR2-Kinetic-Xenial/src/actioncontroller/src/ActionController.cpp:2[m[K:
[01m[K/usr/include/boost/container/container_fwd.hpp:179:1:[m[K [01;36m[Knote: [m[K  â€˜[01m[Kboost::container::string[m[Kâ€™
 string;
[01;32m[K ^[m[K
[01m[K/home/dtrimoul/PR2-Kinetic-Xenial/src/actioncontroller/src/ActionController.cpp:178:46:[m[K [01;31m[Kerror: [m[Ktemplate argument 1 is invalid
 std::map<string, moveit_msgs::CollisionObject> objects;
[01;32m[K                                              ^[m[K
[01m[K/home/dtrimoul/PR2-Kinetic-Xenial/src/actioncontroller/src/ActionController.cpp:178:46:[m[K [01;31m[Kerror: [m[Ktemplate argument 3 is invalid
[01m[K/home/dtrimoul/PR2-Kinetic-Xenial/src/actioncontroller/src/ActionController.cpp:178:46:[m[K [01;31m[Kerror: [m[Ktemplate argument 4 is invalid
make[2]: *** [CMakeFiles/ActionController.dir/src/ActionController.cpp.o] Error 1
make[1]: *** [CMakeFiles/ActionController.dir/all] Error 2
make: *** [all] Error 2
