[35m[1mScanning dependencies of target _actioncontroller_generate_messages_check_deps_ActionControllerFeedback[0m
[  0%] Built target _actioncontroller_generate_messages_check_deps_ActionControllerFeedback
[35m[1mScanning dependencies of target _actioncontroller_generate_messages_check_deps_ActionControllerResult[0m
[  0%] Built target _actioncontroller_generate_messages_check_deps_ActionControllerResult
[35m[1mScanning dependencies of target _actioncontroller_generate_messages_check_deps_ActionControllerActionFeedback[0m
[35m[1mScanning dependencies of target _actioncontroller_generate_messages_check_deps_actiongoal[0m
[  0%] Built target _actioncontroller_generate_messages_check_deps_ActionControllerActionFeedback
[  0%] Built target _actioncontroller_generate_messages_check_deps_actiongoal
[35m[1mScanning dependencies of target _actioncontroller_generate_messages_check_deps_ActionControllerActionGoal[0m
[  0%] Built target _actioncontroller_generate_messages_check_deps_ActionControllerActionGoal
[35m[1mScanning dependencies of target _actioncontroller_generate_messages_check_deps_ActionControllerAction[0m
[  0%] Built target _actioncontroller_generate_messages_check_deps_ActionControllerAction
[35m[1mScanning dependencies of target geometry_msgs_generate_messages_cpp[0m
[  0%] Built target geometry_msgs_generate_messages_cpp
[35m[1mScanning dependencies of target actionlib_msgs_generate_messages_cpp[0m
[  0%] Built target actionlib_msgs_generate_messages_cpp
[35m[1mScanning dependencies of target _actioncontroller_generate_messages_check_deps_ActionControllerGoal[0m
[  0%] Built target _actioncontroller_generate_messages_check_deps_ActionControllerGoal
[35m[1mScanning dependencies of target ar_track_alvar_msgs_generate_messages_cpp[0m
[  0%] Built target ar_track_alvar_msgs_generate_messages_cpp
[35m[1mScanning dependencies of target _actioncontroller_generate_messages_check_deps_ActionControllerActionResult[0m
[  0%] Built target _actioncontroller_generate_messages_check_deps_ActionControllerActionResult
[35m[1mScanning dependencies of target std_msgs_generate_messages_cpp[0m
[  0%] Built target std_msgs_generate_messages_cpp
[35m[1mScanning dependencies of target ar_track_alvar_msgs_generate_messages_nodejs[0m
[  0%] Built target ar_track_alvar_msgs_generate_messages_nodejs
[35m[1mScanning dependencies of target std_msgs_generate_messages_nodejs[0m
[  0%] Built target std_msgs_generate_messages_nodejs
[35m[1mScanning dependencies of target actionlib_msgs_generate_messages_nodejs[0m
[  0%] Built target actionlib_msgs_generate_messages_nodejs
[35m[1mScanning dependencies of target geometry_msgs_generate_messages_nodejs[0m
[  0%] Built target geometry_msgs_generate_messages_nodejs
[35m[1mScanning dependencies of target ar_track_alvar_msgs_generate_messages_py[0m
[  0%] Built target ar_track_alvar_msgs_generate_messages_py
[35m[1mScanning dependencies of target geometry_msgs_generate_messages_py[0m
[  0%] Built target geometry_msgs_generate_messages_py
[35m[1mScanning dependencies of target actionlib_msgs_generate_messages_py[0m
[  0%] Built target actionlib_msgs_generate_messages_py
[35m[1mScanning dependencies of target std_msgs_generate_messages_py[0m
[  0%] Built target std_msgs_generate_messages_py
[35m[1mScanning dependencies of target ar_track_alvar_msgs_generate_messages_lisp[0m
[  0%] Built target ar_track_alvar_msgs_generate_messages_lisp
[35m[1mScanning dependencies of target geometry_msgs_generate_messages_lisp[0m
[35m[1mScanning dependencies of target std_msgs_generate_messages_lisp[0m
[  0%] Built target std_msgs_generate_messages_lisp
[  0%] Built target geometry_msgs_generate_messages_lisp
[35m[1mScanning dependencies of target actionlib_msgs_generate_messages_lisp[0m
[35m[1mScanning dependencies of target actioncontroller_generate_messages_java[0m
[  0%] Built target actionlib_msgs_generate_messages_lisp
[  1%] [34m[1mGenerating Java gradle project from actioncontroller[0m
WARNING: Package name "gazebo_moveIT_objects_synchroniser" does not follow the naming conventions. It should start with a lower case letter and only contain lower case letters, digits, underscores, and dashes.
[  1%] Built target actioncontroller_generate_messages_java
[35m[1mScanning dependencies of target ar_track_alvar_msgs_generate_messages_eus[0m
[  1%] Built target ar_track_alvar_msgs_generate_messages_eus
[35m[1mScanning dependencies of target actionlib_msgs_generate_messages_eus[0m
[  1%] Built target actionlib_msgs_generate_messages_eus
[35m[1mScanning dependencies of target geometry_msgs_generate_messages_eus[0m
[  1%] Built target geometry_msgs_generate_messages_eus
[35m[1mScanning dependencies of target std_msgs_generate_messages_eus[0m
[35m[1mScanning dependencies of target actioncontroller_generate_messages_java_gradle[0m
[  1%] Built target std_msgs_generate_messages_eus
[  3%] [34m[1mCompiling Java code for actioncontroller[0m
[35m[1mScanning dependencies of target simplePick[0m
[  5%] [32mBuilding CXX object CMakeFiles/simplePick.dir/src/simplePick.cpp.o[0m
[01m[K/home/dtrimoul/PR2-Kinetic-Xenial/src/actioncontroller/src/simplePick.cpp:4:53:[m[K [01;31m[Kfatal error: [m[Kactioncontroller/ActionControllerAction.h: No such file or directory
compilation terminated.
[0mCMakeFiles/simplePick.dir/build.make:62: recipe for target 'CMakeFiles/simplePick.dir/src/simplePick.cpp.o' failed
CMakeFiles/Makefile2:1830: recipe for target 'CMakeFiles/simplePick.dir/all' failed
make[2]: *** [CMakeFiles/simplePick.dir/src/simplePick.cpp.o] Error 1
make[1]: *** [CMakeFiles/simplePick.dir/all] Error 2
make[1]: *** Waiting for unfinished jobs....
warning: [options] bootstrap class path not set in conjunction with -source 1.7
1 warning
Uploading: org/ros/rosjava_messages/actioncontroller/0.0.0/actioncontroller-0.0.0.jar to repository remote at file:/home/dtrimoul/PR2-Kinetic-Xenial/devel/.private/actioncontroller/share/maven
Transferring 5K from remote
Uploaded 5K
[0m[  7%] Built target actioncontroller_generate_messages_java_gradle
Makefile:138: recipe for target 'all' failed
make: *** [all] Error 2
