Traceback (most recent call last):
  File "/opt/ros/kinetic/share/genjava/cmake/../../../lib/genjava/genjava_gradle_project.py", line 14, in <module>
    genjava.main(sys.argv)
  File "/opt/ros/kinetic/lib/python2.7/dist-packages/genjava/genjava_main.py", line 82, in main
    gradle_project.create(args.package, args.output_dir)
  File "/opt/ros/kinetic/lib/python2.7/dist-packages/genjava/gradle_project.py", line 149, in create
    os.makedirs(genjava_gradle_dir)
  File "/usr/lib/python2.7/os.py", line 157, in makedirs
    mkdir(name, mode)
OSError: [Errno 17] File exists: '/home/dtrimoul/PR2-Kinetic-Xenial/build/actioncontroller/java/actioncontroller'
make[2]: *** [java/actioncontroller/build.gradle] Error 1
make[1]: *** [CMakeFiles/actioncontroller_generate_messages_java_gradle.dir/all] Error 2
make[1]: *** Waiting for unfinished jobs....
make: *** [all] Error 2
