[  0%] Built target geometry_msgs_generate_messages_cpp
[  0%] Built target actionlib_msgs_generate_messages_cpp
[  0%] Built target ar_track_alvar_msgs_generate_messages_cpp
[  0%] Built target _actioncontroller_generate_messages_check_deps_actiongoal
[  0%] Built target _actioncontroller_generate_messages_check_deps_ActionControllerActionGoal
[  0%] Built target _actioncontroller_generate_messages_check_deps_ActionControllerResult
[  0%] Built target _actioncontroller_generate_messages_check_deps_ActionControllerAction
[  0%] Built target _actioncontroller_generate_messages_check_deps_ActionControllerGoal
[  0%] Built target ar_track_alvar_msgs_generate_messages_nodejs
[  0%] Built target _actioncontroller_generate_messages_check_deps_ActionControllerActionFeedback
[  0%] Built target _actioncontroller_generate_messages_check_deps_ActionControllerFeedback
[  0%] Built target std_msgs_generate_messages_cpp
[  0%] Built target _actioncontroller_generate_messages_check_deps_ActionControllerActionResult
[  0%] Built target actionlib_msgs_generate_messages_nodejs
[  0%] Built target ar_track_alvar_msgs_generate_messages_py
[  0%] Built target std_msgs_generate_messages_nodejs
[  0%] Built target std_msgs_generate_messages_py
[  0%] Built target geometry_msgs_generate_messages_py
[  0%] Built target geometry_msgs_generate_messages_nodejs
[  0%] Built target std_msgs_generate_messages_lisp
[  0%] Built target actionlib_msgs_generate_messages_py
[  0%] Built target ar_track_alvar_msgs_generate_messages_lisp
[  0%] Built target geometry_msgs_generate_messages_lisp
[  0%] Built target actionlib_msgs_generate_messages_lisp
[  0%] Built target ar_track_alvar_msgs_generate_messages_eus
[  0%] Built target actionlib_msgs_generate_messages_eus
[  2%] Built target geometry_msgs_generate_messages_eus
[  2%] [34m[1mCompiling Java code for actioncontroller[0m
[35m[1mScanning dependencies of target setUp[0m
[  4%] Built target std_msgs_generate_messages_eus
[ 18%] Built target actioncontroller_generate_messages_cpp
[ 34%] Built target actioncontroller_generate_messages_nodejs
[ 36%] Built target actioncontroller_generate_messages_java
[35m[1mScanning dependencies of target ActionController[0m
[ 54%] Built target actioncontroller_generate_messages_lisp
[ 80%] Built target actioncontroller_generate_messages_eus
[ 88%] Built target actioncontroller_generate_messages_py
[ 90%] [32mBuilding CXX object CMakeFiles/setUp.dir/src/setUp.cpp.o[0m
[ 92%] [32mBuilding CXX object CMakeFiles/ActionController.dir/src/ActionController.cpp.o[0m
[ 94%] Built target actioncontroller_generate_messages_java_gradle
[ 94%] Built target actioncontroller_generate_messages
[01m[K/home/dtrimoul/PR2-Kinetic-Xenial/src/actioncontroller/src/setUp.cpp:[m[K In function â€˜[01m[Kvoid createActionControllerMessage(std::__cxx11::string, float, float, float, float, float, float, float, actioncontroller::ActionControllerGoal&)[m[Kâ€™:
[01m[K/home/dtrimoul/PR2-Kinetic-Xenial/src/actioncontroller/src/setUp.cpp:11:12:[m[K [01;31m[Kerror: [m[Kâ€˜[01m[Kactioncontroller::ActionControllerGoal_<std::allocator<void> >::_goal_type {aka struct actioncontroller::actiongoal_<std::allocator<void> >}[m[Kâ€™ has no member named â€˜[01m[Kpose[m[Kâ€™
  goal.goal.pose.pose.position.x = x;
[01;32m[K            ^[m[K
[01m[K/home/dtrimoul/PR2-Kinetic-Xenial/src/actioncontroller/src/setUp.cpp:12:12:[m[K [01;31m[Kerror: [m[Kâ€˜[01m[Kactioncontroller::ActionControllerGoal_<std::allocator<void> >::_goal_type {aka struct actioncontroller::actiongoal_<std::allocator<void> >}[m[Kâ€™ has no member named â€˜[01m[Kpose[m[Kâ€™
  goal.goal.pose.pose.position.y = y;
[01;32m[K            ^[m[K
[01m[K/home/dtrimoul/PR2-Kinetic-Xenial/src/actioncontroller/src/setUp.cpp:13:12:[m[K [01;31m[Kerror: [m[Kâ€˜[01m[Kactioncontroller::ActionControllerGoal_<std::allocator<void> >::_goal_type {aka struct actioncontroller::actiongoal_<std::allocator<void> >}[m[Kâ€™ has no member named â€˜[01m[Kpose[m[Kâ€™
  goal.goal.pose.pose.position.z = z;
[01;32m[K            ^[m[K
[01m[K/home/dtrimoul/PR2-Kinetic-Xenial/src/actioncontroller/src/setUp.cpp:14:12:[m[K [01;31m[Kerror: [m[Kâ€˜[01m[Kactioncontroller::ActionControllerGoal_<std::allocator<void> >::_goal_type {aka struct actioncontroller::actiongoal_<std::allocator<void> >}[m[Kâ€™ has no member named â€˜[01m[Kpose[m[Kâ€™
  goal.goal.pose.pose.orientation.x = ox;
[01;32m[K            ^[m[K
[01m[K/home/dtrimoul/PR2-Kinetic-Xenial/src/actioncontroller/src/setUp.cpp:15:12:[m[K [01;31m[Kerror: [m[Kâ€˜[01m[Kactioncontroller::ActionControllerGoal_<std::allocator<void> >::_goal_type {aka struct actioncontroller::actiongoal_<std::allocator<void> >}[m[Kâ€™ has no member named â€˜[01m[Kpose[m[Kâ€™
  goal.goal.pose.pose.orientation.y = oy;
[01;32m[K            ^[m[K
[01m[K/home/dtrimoul/PR2-Kinetic-Xenial/src/actioncontroller/src/setUp.cpp:16:12:[m[K [01;31m[Kerror: [m[Kâ€˜[01m[Kactioncontroller::ActionControllerGoal_<std::allocator<void> >::_goal_type {aka struct actioncontroller::actiongoal_<std::allocator<void> >}[m[Kâ€™ has no member named â€˜[01m[Kpose[m[Kâ€™
  goal.goal.pose.pose.orientation.z = oz;
[01;32m[K            ^[m[K
[01m[K/home/dtrimoul/PR2-Kinetic-Xenial/src/actioncontroller/src/setUp.cpp:17:12:[m[K [01;31m[Kerror: [m[Kâ€˜[01m[Kactioncontroller::ActionControllerGoal_<std::allocator<void> >::_goal_type {aka struct actioncontroller::actiongoal_<std::allocator<void> >}[m[Kâ€™ has no member named â€˜[01m[Kpose[m[Kâ€™
  goal.goal.pose.pose.orientation.w = w;
[01;32m[K            ^[m[K
CMakeFiles/setUp.dir/build.make:62: recipe for target 'CMakeFiles/setUp.dir/src/setUp.cpp.o' failed
make[2]: *** [CMakeFiles/setUp.dir/src/setUp.cpp.o] Error 1
CMakeFiles/Makefile2:3601: recipe for target 'CMakeFiles/setUp.dir/all' failed
make[1]: *** [CMakeFiles/setUp.dir/all] Error 2
make[1]: *** Waiting for unfinished jobs....
In file included from [01m[K/opt/ros/kinetic/include/ros/ros.h:40:0[m[K,
                 from [01m[K/home/dtrimoul/PR2-Kinetic-Xenial/src/actioncontroller/src/ActionController.cpp:2[m[K:
[01m[K/home/dtrimoul/PR2-Kinetic-Xenial/src/actioncontroller/src/ActionController.cpp:[m[K In member function â€˜[01m[Kbool ActionController::move_head(std_msgs::String)[m[Kâ€™:
[01m[K/home/dtrimoul/PR2-Kinetic-Xenial/src/actioncontroller/src/ActionController.cpp:92:21:[m[K [01;31m[Kerror: [m[Kâ€˜[01m[Kpose[m[Kâ€™ was not declared in this scope
     (std::to_string(pose.position.x)).c_str(), 
[01;32m[K                     ^[m[K
[01m[K/opt/ros/kinetic/include/ros/console.h:346:165:[m[K [01;36m[Knote: [m[Kin definition of macro â€˜[01m[KROSCONSOLE_PRINT_AT_LOCATION_WITH_FILTER[m[Kâ€™
     ::ros::console::print(filter, __rosconsole_define_location__loc.logger_, __rosconsole_define_location__loc.level_, __FILE__, __LINE__, __ROSCONSOLE_FUNCTION__, __VA_ARGS__)
[01;32m[K                                                                                                                                                                     ^[m[K
[01m[K/opt/ros/kinetic/include/ros/console.h:379:7:[m[K [01;36m[Knote: [m[Kin expansion of macro â€˜[01m[KROSCONSOLE_PRINT_AT_LOCATION[m[Kâ€™
       ROSCONSOLE_PRINT_AT_LOCATION(__VA_ARGS__); \
[01;32m[K       ^[m[K
[01m[K/opt/ros/kinetic/include/ros/console.h:561:35:[m[K [01;36m[Knote: [m[Kin expansion of macro â€˜[01m[KROS_LOG_COND[m[Kâ€™
 #define ROS_LOG(level, name, ...) ROS_LOG_COND(true, level, name, __VA_ARGS__)
[01;32m[K                                   ^[m[K
[01m[K/opt/ros/kinetic/include/rosconsole/macros_generated.h:110:23:[m[K [01;36m[Knote: [m[Kin expansion of macro â€˜[01m[KROS_LOG[m[Kâ€™
 #define ROS_INFO(...) ROS_LOG(::ros::console::levels::Info, ROSCONSOLE_DEFAULT_NAME, __VA_ARGS__)
[01;32m[K                       ^[m[K
[01m[K/home/dtrimoul/PR2-Kinetic-Xenial/src/actioncontroller/src/ActionController.cpp:91:3:[m[K [01;36m[Knote: [m[Kin expansion of macro â€˜[01m[KROS_INFO[m[Kâ€™
   ROS_INFO("moving the head to %s, %s, %s",  
[01;32m[K   ^[m[K
[01m[K/home/dtrimoul/PR2-Kinetic-Xenial/src/actioncontroller/src/ActionController.cpp:99:24:[m[K [01;31m[Kerror: [m[Kâ€˜[01m[Kpose[m[Kâ€™ was not declared in this scope
   msg.target.point.x = pose.position.x;
[01;32m[K                        ^[m[K
In file included from [01m[K/opt/ros/kinetic/include/ros/ros.h:40:0[m[K,
                 from [01m[K/home/dtrimoul/PR2-Kinetic-Xenial/src/actioncontroller/src/ActionController.cpp:2[m[K:
[01m[K/home/dtrimoul/PR2-Kinetic-Xenial/src/actioncontroller/src/ActionController.cpp:[m[K In member function â€˜[01m[Kbool ActionController::pick(std::__cxx11::string, geometry_msgs::Pose)[m[Kâ€™:
[01m[K/opt/ros/kinetic/include/ros/console.h:346:176:[m[K [01;35m[Kwarning: [m[Kformat not a string literal and no format arguments [-Wformat-security]
     ::ros::console::print(filter, __rosconsole_define_location__loc.logger_, __rosconsole_define_location__loc.level_, __FILE__, __LINE__, __ROSCONSOLE_FUNCTION__, __VA_ARGS__)
[01;32m[K                                                                                                                                                                                ^[m[K
[01m[K/opt/ros/kinetic/include/ros/console.h:349:5:[m[K [01;36m[Knote: [m[Kin expansion of macro â€˜[01m[KROSCONSOLE_PRINT_AT_LOCATION_WITH_FILTER[m[Kâ€™
     ROSCONSOLE_PRINT_AT_LOCATION_WITH_FILTER(0, __VA_ARGS__)
[01;32m[K     ^[m[K
[01m[K/opt/ros/kinetic/include/ros/console.h:379:7:[m[K [01;36m[Knote: [m[Kin expansion of macro â€˜[01m[KROSCONSOLE_PRINT_AT_LOCATION[m[Kâ€™
       ROSCONSOLE_PRINT_AT_LOCATION(__VA_ARGS__); \
[01;32m[K       ^[m[K
[01m[K/opt/ros/kinetic/include/ros/console.h:561:35:[m[K [01;36m[Knote: [m[Kin expansion of macro â€˜[01m[KROS_LOG_COND[m[Kâ€™
 #define ROS_LOG(level, name, ...) ROS_LOG_COND(true, level, name, __VA_ARGS__)
[01;32m[K                                   ^[m[K
[01m[K/opt/ros/kinetic/include/rosconsole/macros_generated.h:110:23:[m[K [01;36m[Knote: [m[Kin expansion of macro â€˜[01m[KROS_LOG[m[Kâ€™
 #define ROS_INFO(...) ROS_LOG(::ros::console::levels::Info, ROSCONSOLE_DEFAULT_NAME, __VA_ARGS__)
[01;32m[K                       ^[m[K
[01m[K/home/dtrimoul/PR2-Kinetic-Xenial/src/actioncontroller/src/ActionController.cpp:121:3:[m[K [01;36m[Knote: [m[Kin expansion of macro â€˜[01m[KROS_INFO[m[Kâ€™
   ROS_INFO(group.c_str());
[01;32m[K   ^[m[K
[01m[K/home/dtrimoul/PR2-Kinetic-Xenial/src/actioncontroller/src/ActionController.cpp:[m[K In member function â€˜[01m[Kvoid ActionController::executeCB(const ActionControllerGoalConstPtr&)[m[Kâ€™:
[01m[K/home/dtrimoul/PR2-Kinetic-Xenial/src/actioncontroller/src/ActionController.cpp:160:41:[m[K [01;31m[Kerror: [m[Kâ€˜[01m[Kconst struct actioncontroller::ActionControllerGoal_<std::allocator<void> >[m[Kâ€™ has no member named â€˜[01m[Kobject[m[Kâ€™
    feedback_.success = move_head( goal->object );
[01;32m[K                                         ^[m[K
[01m[K/home/dtrimoul/PR2-Kinetic-Xenial/src/actioncontroller/src/ActionController.cpp:162:101:[m[K [01;31m[Kerror: [m[Kâ€˜[01m[Kconst _goal_type {aka const struct actioncontroller::actiongoal_<std::allocator<void> >}[m[Kâ€™ has no member named â€˜[01m[Kpose[m[Kâ€™
    feedback_.success = pick( (std::string)goal->goal.move_group_id, (geometry_msgs::Pose)goal->goal.pose.pose);
[01;32m[K                                                                                                     ^[m[K
[01m[K/home/dtrimoul/PR2-Kinetic-Xenial/src/actioncontroller/src/ActionController.cpp:164:102:[m[K [01;31m[Kerror: [m[Kâ€˜[01m[Kconst _goal_type {aka const struct actioncontroller::actiongoal_<std::allocator<void> >}[m[Kâ€™ has no member named â€˜[01m[Kpose[m[Kâ€™
    feedback_.success = place( (std::string)goal->goal.move_group_id, (geometry_msgs::Pose)goal->goal.pose.pose);
[01;32m[K                                                                                                      ^[m[K
[01m[K/home/dtrimoul/PR2-Kinetic-Xenial/src/actioncontroller/src/ActionController.cpp:166:105:[m[K [01;31m[Kerror: [m[Kâ€˜[01m[Kconst _goal_type {aka const struct actioncontroller::actiongoal_<std::allocator<void> >}[m[Kâ€™ has no member named â€˜[01m[Kpose[m[Kâ€™
    feedback_.success = move_arms((std::string)goal->goal.move_group_id, (geometry_msgs::Pose)goal->goal.pose.pose); 
[01;32m[K                                                                                                         ^[m[K
[01m[K/home/dtrimoul/PR2-Kinetic-Xenial/src/actioncontroller/src/ActionController.cpp:[m[K At global scope:
[01m[K/home/dtrimoul/PR2-Kinetic-Xenial/src/actioncontroller/src/ActionController.cpp:173:85:[m[K [01;31m[Kerror: [m[Kâ€˜[01m[KConst_ptr[m[Kâ€™ in â€˜[01m[Kgazebo_moveit_objects_synchroniser::CollisionObjectArray {aka struct gazebo_moveit_objects_synchroniser::CollisionObjectArray_<std::allocator<void> >}[m[Kâ€™ does not name a type
 void objects_update(const gazebo_moveit_objects_synchroniser::CollisionObjectArray::Const_ptr &msg) {
[01;32m[K                                                                                     ^[m[K
[01m[K/home/dtrimoul/PR2-Kinetic-Xenial/src/actioncontroller/src/ActionController.cpp:177:18:[m[K [01;31m[Kerror: [m[Kno matching function for call to â€˜[01m[KActionController::ActionController()[m[Kâ€™
 ActionController _myController;
[01;32m[K                  ^[m[K
[01m[K/home/dtrimoul/PR2-Kinetic-Xenial/src/actioncontroller/src/ActionController.cpp:148:5:[m[K [01;36m[Knote: [m[Kcandidate: ActionController::ActionController(std::__cxx11::string)
     ActionController(std::string name) :
[01;32m[K     ^[m[K
[01m[K/home/dtrimoul/PR2-Kinetic-Xenial/src/actioncontroller/src/ActionController.cpp:148:5:[m[K [01;36m[Knote: [m[K  candidate expects 1 argument, 0 provided
[01m[K/home/dtrimoul/PR2-Kinetic-Xenial/src/actioncontroller/src/ActionController.cpp:[m[K In function â€˜[01m[Kint main(int, char**)[m[Kâ€™:
[01m[K/home/dtrimoul/PR2-Kinetic-Xenial/src/actioncontroller/src/ActionController.cpp:182:34:[m[K [01;31m[Kerror: [m[Kno match for call to â€˜[01m[K(ActionController) (const char [17])[m[Kâ€™
  _myController("ActionController");
[01;32m[K                                  ^[m[K
In file included from [01m[K/opt/ros/kinetic/include/ros/serialization.h:37:0[m[K,
                 from [01m[K/opt/ros/kinetic/include/ros/publisher.h:34[m[K,
                 from [01m[K/opt/ros/kinetic/include/ros/node_handle.h:32[m[K,
                 from [01m[K/opt/ros/kinetic/include/ros/ros.h:45[m[K,
                 from [01m[K/home/dtrimoul/PR2-Kinetic-Xenial/src/actioncontroller/src/ActionController.cpp:2[m[K:
/opt/ros/kinetic/include/ros/message_traits.h: In instantiation of â€˜[01m[Kstatic const char* ros::message_traits::MD5Sum<M>::value() [with M = int][m[Kâ€™:
[01m[K/opt/ros/kinetic/include/ros/message_traits.h:228:102:[m[K   required from â€˜[01m[Kconst char* ros::message_traits::md5sum() [with M = int][m[Kâ€™
[01m[K/opt/ros/kinetic/include/ros/subscribe_options.h:89:49:[m[K   required from â€˜[01m[Kvoid ros::SubscribeOptions::initByFullCallbackType(const string&, uint32_t, const boost::function<void(P)>&, const boost::function<boost::shared_ptr<typename ros::ParameterAdapter<P>::Message>()>&) [with P = const int&; std::__cxx11::string = std::__cxx11::basic_string<char>; uint32_t = unsigned int; typename ros::ParameterAdapter<P>::Message = int][m[Kâ€™
[01m[K/opt/ros/kinetic/include/ros/node_handle.h:659:5:[m[K   required from â€˜[01m[Kros::Subscriber ros::NodeHandle::subscribe(const string&, uint32_t, void (*)(M), const ros::TransportHints&) [with M = const int&; std::__cxx11::string = std::__cxx11::basic_string<char>; uint32_t = unsigned int][m[Kâ€™
[01m[K/home/dtrimoul/PR2-Kinetic-Xenial/src/actioncontroller/src/ActionController.cpp:183:69:[m[K   required from here
[01m[K/opt/ros/kinetic/include/ros/message_traits.h:121:28:[m[K [01;31m[Kerror: [m[Kâ€˜[01m[K__s_getMD5Sum[m[Kâ€™ is not a member of â€˜[01m[Kint[m[Kâ€™
     return M::__s_getMD5Sum().c_str();
[01;32m[K                            ^[m[K
/opt/ros/kinetic/include/ros/message_traits.h: In instantiation of â€˜[01m[Kstatic const char* ros::message_traits::DataType<M>::value() [with M = int][m[Kâ€™:
[01m[K/opt/ros/kinetic/include/ros/message_traits.h:237:104:[m[K   required from â€˜[01m[Kconst char* ros::message_traits::datatype() [with M = int][m[Kâ€™
[01m[K/opt/ros/kinetic/include/ros/subscribe_options.h:90:53:[m[K   required from â€˜[01m[Kvoid ros::SubscribeOptions::initByFullCallbackType(const string&, uint32_t, const boost::function<void(P)>&, const boost::function<boost::shared_ptr<typename ros::ParameterAdapter<P>::Message>()>&) [with P = const int&; std::__cxx11::string = std::__cxx11::basic_string<char>; uint32_t = unsigned int; typename ros::ParameterAdapter<P>::Message = int][m[Kâ€™
[01m[K/opt/ros/kinetic/include/ros/node_handle.h:659:5:[m[K   required from â€˜[01m[Kros::Subscriber ros::NodeHandle::subscribe(const string&, uint32_t, void (*)(M), const ros::TransportHints&) [with M = const int&; std::__cxx11::string = std::__cxx11::basic_string<char>; uint32_t = unsigned int][m[Kâ€™
[01m[K/home/dtrimoul/PR2-Kinetic-Xenial/src/actioncontroller/src/ActionController.cpp:183:69:[m[K   required from here
[01m[K/opt/ros/kinetic/include/ros/message_traits.h:138:30:[m[K [01;31m[Kerror: [m[Kâ€˜[01m[K__s_getDataType[m[Kâ€™ is not a member of â€˜[01m[Kint[m[Kâ€™
     return M::__s_getDataType().c_str();
[01;32m[K                              ^[m[K
CMakeFiles/ActionController.dir/build.make:62: recipe for target 'CMakeFiles/ActionController.dir/src/ActionController.cpp.o' failed
make[2]: *** [CMakeFiles/ActionController.dir/src/ActionController.cpp.o] Error 1
make[1]: *** [CMakeFiles/ActionController.dir/all] Error 2
CMakeFiles/Makefile2:67: recipe for target 'CMakeFiles/ActionController.dir/all' failed
Makefile:138: recipe for target 'all' failed
make: *** [all] Error 2
