WARNING: Package name "gazebo_moveIT_objects_synchroniser" does not follow the naming conventions. It should start with a lower case letter and only contain lower case letters, digits, underscores, and dashes.
Traceback (most recent call last):
  File "/opt/ros/kinetic/share/genjava/cmake/../../../lib/genjava/genjava_gradle_project.py", line 14, in <module>
    genjava.main(sys.argv)
  File "/opt/ros/kinetic/lib/python2.7/dist-packages/genjava/genjava_main.py", line 82, in main
    gradle_project.create(args.package, args.output_dir)
  File "/opt/ros/kinetic/lib/python2.7/dist-packages/genjava/gradle_project.py", line 148, in create
    shutil.rmtree(genjava_gradle_dir)
  File "/usr/lib/python2.7/shutil.py", line 256, in rmtree
    onerror(os.rmdir, path, sys.exc_info())
  File "/usr/lib/python2.7/shutil.py", line 254, in rmtree
    os.rmdir(path)
OSError: [Errno 39] Directory not empty: '/home/dtrimoul/PR2-Kinetic-Xenial/build/pr2_gazebo_plugins/java/pr2_gazebo_plugins'
make[2]: *** [java/pr2_gazebo_plugins/build.gradle] Error 1
make[1]: *** [CMakeFiles/pr2_gazebo_plugins_generate_messages_java.dir/all] Error 2
make[1]: *** Waiting for unfinished jobs....
Traceback (most recent call last):
  File "/opt/ros/kinetic/share/genjava/cmake/../../../lib/genjava/genjava_gradle_project.py", line 14, in <module>
    genjava.main(sys.argv)
  File "/opt/ros/kinetic/lib/python2.7/dist-packages/genjava/genjava_main.py", line 84, in main
    gradle_project.build(args.package, args.output_dir, args.verbosity)
  File "/opt/ros/kinetic/lib/python2.7/dist-packages/genjava/gradle_project.py", line 175, in build
    subprocess.call(cmd, stderr=subprocess.STDOUT,)
  File "/usr/lib/python2.7/subprocess.py", line 523, in call
    return Popen(*popenargs, **kwargs).wait()
  File "/usr/lib/python2.7/subprocess.py", line 711, in __init__
    errread, errwrite)
  File "/usr/lib/python2.7/subprocess.py", line 1343, in _execute_child
    raise child_exception
OSError: [Errno 2] No such file or directory
make[2]: *** [CMakeFiles/pr2_gazebo_plugins_generate_messages_java_gradle] Error 1
make[1]: *** [CMakeFiles/pr2_gazebo_plugins_generate_messages_java_gradle.dir/all] Error 2
make: *** [all] Error 2
